This file contains any messages produced by compilers while
running configure, to aid debugging if configure makes a mistake.

It was created by configure, which was
generated by GNU Autoconf 2.53.  Invocation command line was

  $ ./configure 

## --------- ##
## Platform. ##
## --------- ##

hostname = michaelpc
uname -m = i686
uname -r = 3.11.0-12-generic
uname -s = Linux
uname -v = #19-Ubuntu SMP Wed Oct 9 16:12:00 UTC 2013

/usr/bin/uname -p = unknown
/bin/uname -X     = unknown

/bin/arch              = unknown
/usr/bin/arch -k       = unknown
/usr/convex/getsysinfo = unknown
hostinfo               = unknown
/bin/machine           = unknown
/usr/bin/oslevel       = unknown
/bin/universe          = unknown

PATH: /usr/local/sbin
PATH: /usr/local/bin
PATH: /usr/sbin
PATH: /usr/bin
PATH: /sbin
PATH: /bin
PATH: /usr/games
PATH: /usr/local/games


## ----------- ##
## Core tests. ##
## ----------- ##

configure:1232: checking for a BSD-compatible install
configure:1286: result: /usr/bin/install -c
configure:1297: checking whether build environment is sane
configure:1340: result: yes
configure:1365: WARNING: `missing' script is too old or missing
configure:1373: checking for gawk
configure:1402: result: no
configure:1373: checking for mawk
configure:1389: found /usr/bin/mawk
configure:1399: result: mawk
configure:1409: checking whether make sets ${MAKE}
configure:1429: result: yes
configure:1574: checking whether to enable maintainer-specific portions of Makefiles
configure:1583: result: no
configure:1625: checking for style of include used by make
configure:1653: result: GNU
configure:1724: checking for gcc
configure:1740: found /usr/bin/gcc
configure:1750: result: gcc
configure:1994: checking for C compiler version
configure:1997: gcc --version </dev/null >&5
gcc (Ubuntu/Linaro 4.8.1-10ubuntu8) 4.8.1
Copyright (C) 2013 Free Software Foundation, Inc.
This is free software; see the source for copying conditions.  There is NO
warranty; not even for MERCHANTABILITY or FITNESS FOR A PARTICULAR PURPOSE.

configure:2000: $? = 0
configure:2002: gcc -v </dev/null >&5
Using built-in specs.
COLLECT_GCC=gcc
COLLECT_LTO_WRAPPER=/usr/lib/gcc/i686-linux-gnu/4.8/lto-wrapper
Target: i686-linux-gnu
Configured with: ../src/configure -v --with-pkgversion='Ubuntu/Linaro 4.8.1-10ubuntu8' --with-bugurl=file:///usr/share/doc/gcc-4.8/README.Bugs --enable-languages=c,c++,java,go,d,fortran,objc,obj-c++ --prefix=/usr --program-suffix=-4.8 --enable-shared --enable-linker-build-id --libexecdir=/usr/lib --without-included-gettext --enable-threads=posix --with-gxx-include-dir=/usr/include/c++/4.8 --libdir=/usr/lib --enable-nls --with-sysroot=/ --enable-clocale=gnu --enable-libstdcxx-debug --enable-libstdcxx-time=yes --enable-gnu-unique-object --enable-plugin --with-system-zlib --disable-browser-plugin --enable-java-awt=gtk --enable-gtk-cairo --with-java-home=/usr/lib/jvm/java-1.5.0-gcj-4.8-i386/jre --enable-java-home --with-jvm-root-dir=/usr/lib/jvm/java-1.5.0-gcj-4.8-i386 --with-jvm-jar-dir=/usr/lib/jvm-exports/java-1.5.0-gcj-4.8-i386 --with-arch-directory=i386 --with-ecj-jar=/usr/share/java/eclipse-ecj.jar --enable-objc-gc --enable-targets=all --enable-multiarch --disable-werror --with-arch-32=i686 --with-multilib-list=m32,m64,mx32 --with-tune=generic --enable-checking=release --build=i686-linux-gnu --host=i686-linux-gnu --target=i686-linux-gnu
Thread model: posix
gcc version 4.8.1 (Ubuntu/Linaro 4.8.1-10ubuntu8) 
configure:2005: $? = 0
configure:2007: gcc -V </dev/null >&5
gcc: error: unrecognized command line option '-V'
gcc: fatal error: no input files
compilation terminated.
configure:2010: $? = 4
configure:2036: checking for C compiler default output
configure:2039: gcc    conftest.c  >&5
configure:2042: $? = 0
configure:2075: result: a.out
configure:2080: checking whether the C compiler works
configure:2086: ./a.out
configure:2089: $? = 0
configure:2104: result: yes
configure:2111: checking whether we are cross compiling
configure:2113: result: no
configure:2116: checking for suffix of executables
configure:2118: gcc -o conftest    conftest.c  >&5
configure:2121: $? = 0
configure:2143: result: 
configure:2149: checking for suffix of object files
configure:2173: gcc -c   conftest.c >&5
configure:2176: $? = 0
configure:2195: result: o
configure:2199: checking whether we are using the GNU C compiler
configure:2226: gcc -c   conftest.c >&5
configure:2229: $? = 0
configure:2232: test -s conftest.o
configure:2235: $? = 0
configure:2247: result: yes
configure:2253: checking whether gcc accepts -g
configure:2277: gcc -c -g  conftest.c >&5
configure:2280: $? = 0
configure:2283: test -s conftest.o
configure:2286: $? = 0
configure:2296: result: yes
configure:2323: gcc -c -g -O2  conftest.c >&5
conftest.c:2:3: error: unknown type name 'choke'
   choke me
   ^
conftest.c:2:3: error: expected '=', ',', ';', 'asm' or '__attribute__' at end of input
configure:2326: $? = 1
configure: failed program was:
#ifndef __cplusplus
  choke me
#endif
configure:2438: checking dependency style of gcc
configure:2500: result: gcc3
configure:2506: checking for library containing strerror
configure:2539: gcc -o conftest -g -O2   conftest.c  >&5
configure:2542: $? = 0
configure:2545: test -s conftest
configure:2548: $? = 0
configure:2607: result: none required
configure:2660: checking for gcc
configure:2686: result: gcc
configure:2930: checking for C compiler version
configure:2933: gcc --version </dev/null >&5
gcc (Ubuntu/Linaro 4.8.1-10ubuntu8) 4.8.1
Copyright (C) 2013 Free Software Foundation, Inc.
This is free software; see the source for copying conditions.  There is NO
warranty; not even for MERCHANTABILITY or FITNESS FOR A PARTICULAR PURPOSE.

configure:2936: $? = 0
configure:2938: gcc -v </dev/null >&5
Using built-in specs.
COLLECT_GCC=gcc
COLLECT_LTO_WRAPPER=/usr/lib/gcc/i686-linux-gnu/4.8/lto-wrapper
Target: i686-linux-gnu
Configured with: ../src/configure -v --with-pkgversion='Ubuntu/Linaro 4.8.1-10ubuntu8' --with-bugurl=file:///usr/share/doc/gcc-4.8/README.Bugs --enable-languages=c,c++,java,go,d,fortran,objc,obj-c++ --prefix=/usr --program-suffix=-4.8 --enable-shared --enable-linker-build-id --libexecdir=/usr/lib --without-included-gettext --enable-threads=posix --with-gxx-include-dir=/usr/include/c++/4.8 --libdir=/usr/lib --enable-nls --with-sysroot=/ --enable-clocale=gnu --enable-libstdcxx-debug --enable-libstdcxx-time=yes --enable-gnu-unique-object --enable-plugin --with-system-zlib --disable-browser-plugin --enable-java-awt=gtk --enable-gtk-cairo --with-java-home=/usr/lib/jvm/java-1.5.0-gcj-4.8-i386/jre --enable-java-home --with-jvm-root-dir=/usr/lib/jvm/java-1.5.0-gcj-4.8-i386 --with-jvm-jar-dir=/usr/lib/jvm-exports/java-1.5.0-gcj-4.8-i386 --with-arch-directory=i386 --with-ecj-jar=/usr/share/java/eclipse-ecj.jar --enable-objc-gc --enable-targets=all --enable-multiarch --disable-werror --with-arch-32=i686 --with-multilib-list=m32,m64,mx32 --with-tune=generic --enable-checking=release --build=i686-linux-gnu --host=i686-linux-gnu --target=i686-linux-gnu
Thread model: posix
gcc version 4.8.1 (Ubuntu/Linaro 4.8.1-10ubuntu8) 
configure:2941: $? = 0
configure:2943: gcc -V </dev/null >&5
gcc: error: unrecognized command line option '-V'
gcc: fatal error: no input files
compilation terminated.
configure:2946: $? = 4
configure:2949: checking whether we are using the GNU C compiler
configure:2997: result: yes
configure:3003: checking whether gcc accepts -g
configure:3046: result: yes
configure:3073: gcc -c -g -O2  conftest.c >&5
conftest.c:2:3: error: unknown type name 'choke'
   choke me
   ^
conftest.c:2:3: error: expected '=', ',', ';', 'asm' or '__attribute__' at end of input
configure:3076: $? = 1
configure: failed program was:
#ifndef __cplusplus
  choke me
#endif
configure:3188: checking dependency style of gcc
configure:3250: result: gcc3
configure:3258: checking for gcc option to accept ANSI C
configure:3324: gcc  -c -g -O2  conftest.c >&5
configure:3327: $? = 0
configure:3330: test -s conftest.o
configure:3333: $? = 0
configure:3347: result: none needed
configure:3363: checking how to run the C preprocessor
configure:3389: gcc -E  conftest.c
configure:3395: $? = 0
configure:3422: gcc -E  conftest.c
configure:3418:28: fatal error: ac_nonexistent.h: No such file or directory
 #line $LINENO "configure"
                            ^
compilation terminated.
configure:3428: $? = 1
configure: failed program was:
#line 3417 "configure"
#include "confdefs.h"
#include <ac_nonexistent.h>
configure:3465: result: gcc -E
configure:3480: gcc -E  conftest.c
configure:3486: $? = 0
configure:3513: gcc -E  conftest.c
configure:3509:28: fatal error: ac_nonexistent.h: No such file or directory
 #line $LINENO "configure"
                            ^
compilation terminated.
configure:3519: $? = 1
configure: failed program was:
#line 3508 "configure"
#include "confdefs.h"
#include <ac_nonexistent.h>
configure:3559: checking for ANSI C header files
configure:3573: gcc -E  conftest.c
configure:3579: $? = 0
configure:3666: gcc -o conftest -g -O2   conftest.c  >&5
configure: In function 'main':
configure:3657:7: warning: incompatible implicit declaration of built-in function 'exit' [enabled by default]
   int i;
       ^
configure:3669: $? = 0
configure:3671: ./conftest
configure:3674: $? = 0
configure:3688: result: yes
configure:3799: checking what warning flags to pass to the C compiler
configure:3801: result: 
configure:3812: checking what language compliance flags to pass to the C compiler
configure:3827: result: 
configure:3841: checking for pkg-config
configure:3859: found /usr/bin/pkg-config
configure:3872: result: /usr/bin/pkg-config
configure:3889: checking for libgnomeui-2.0
configure:3893: result: yes
configure:3897: checking PACKAGE_CFLAGS
configure:3900: result: -pthread -DORBIT2=1 -D_REENTRANT -I/usr/include/libgnomeui-2.0 -I/usr/include/libart-2.0 -I/usr/include/gconf/2 -I/usr/include/gnome-keyring-1 -I/usr/include/libgnome-2.0 -I/usr/include/libbonoboui-2.0 -I/usr/include/libgnomecanvas-2.0 -I/usr/include/gtk-2.0 -I/usr/include/gdk-pixbuf-2.0 -I/usr/include/gnome-vfs-2.0 -I/usr/lib/i386-linux-gnu/gnome-vfs-2.0/include -I/usr/include/dbus-1.0 -I/usr/lib/i386-linux-gnu/dbus-1.0/include -I/usr/include/glib-2.0 -I/usr/lib/i386-linux-gnu/glib-2.0/include -I/usr/include/orbit-2.0 -I/usr/include/libbonobo-2.0 -I/usr/include/bonobo-activation-2.0 -I/usr/include/libxml2 -I/usr/include/pango-1.0 -I/usr/include/gail-1.0 -I/usr/include/harfbuzz -I/usr/include/freetype2 -I/usr/include/atk-1.0 -I/usr/lib/i386-linux-gnu/gtk-2.0/include -I/usr/include/cairo -I/usr/include/gio-unix-2.0/ -I/usr/include/pixman-1 -I/usr/include/libpng12  
configure:3903: checking PACKAGE_LIBS
configure:3906: result: -pthread -lgnomeui-2 -lSM -lICE -lbonoboui-2 -lgnomevfs-2 -lgnomecanvas-2 -lgnome-2 -lpopt -lbonobo-2 -lbonobo-activation -lORBit-2 -lart_lgpl_2 -lgtk-x11-2.0 -lgdk-x11-2.0 -latk-1.0 -lgio-2.0 -lpangoft2-1.0 -lpangocairo-1.0 -lgdk_pixbuf-2.0 -lcairo -lpango-1.0 -lfreetype -lfontconfig -lgconf-2 -lgthread-2.0 -lgmodule-2.0 -lgobject-2.0 -lglib-2.0  
configure:3985: checking for ranlib
configure:4001: found /usr/bin/ranlib
configure:4012: result: ranlib
configure:4024: checking for gcc option to accept ANSI C
configure:4087: gcc  -c -g -O2  conftest.c >&5
configure:4090: $? = 0
configure:4093: test -s conftest.o
configure:4096: $? = 0
configure:4113: result: none needed
configure:4121: checking for an ANSI C-conforming const
configure:4191: gcc -c -g -O2  conftest.c >&5
configure:4194: $? = 0
configure:4197: test -s conftest.o
configure:4200: $? = 0
configure:4210: result: yes
configure:4220: checking for inline
configure:4237: gcc -c -g -O2  conftest.c >&5
configure:4240: $? = 0
configure:4243: test -s conftest.o
configure:4246: $? = 0
configure:4257: result: inline
configure:4286: checking for sys/types.h
configure:4299: gcc -c -g -O2  conftest.c >&5
configure:4302: $? = 0
configure:4305: test -s conftest.o
configure:4308: $? = 0
configure:4318: result: yes
configure:4286: checking for sys/stat.h
configure:4299: gcc -c -g -O2  conftest.c >&5
configure:4302: $? = 0
configure:4305: test -s conftest.o
configure:4308: $? = 0
configure:4318: result: yes
configure:4286: checking for stdlib.h
configure:4299: gcc -c -g -O2  conftest.c >&5
configure:4302: $? = 0
configure:4305: test -s conftest.o
configure:4308: $? = 0
configure:4318: result: yes
configure:4286: checking for string.h
configure:4299: gcc -c -g -O2  conftest.c >&5
configure:4302: $? = 0
configure:4305: test -s conftest.o
configure:4308: $? = 0
configure:4318: result: yes
configure:4286: checking for memory.h
configure:4299: gcc -c -g -O2  conftest.c >&5
configure:4302: $? = 0
configure:4305: test -s conftest.o
configure:4308: $? = 0
configure:4318: result: yes
configure:4286: checking for strings.h
configure:4299: gcc -c -g -O2  conftest.c >&5
configure:4302: $? = 0
configure:4305: test -s conftest.o
configure:4308: $? = 0
configure:4318: result: yes
configure:4286: checking for inttypes.h
configure:4299: gcc -c -g -O2  conftest.c >&5
configure:4302: $? = 0
configure:4305: test -s conftest.o
configure:4308: $? = 0
configure:4318: result: yes
configure:4286: checking for stdint.h
configure:4299: gcc -c -g -O2  conftest.c >&5
configure:4302: $? = 0
configure:4305: test -s conftest.o
configure:4308: $? = 0
configure:4318: result: yes
configure:4286: checking for unistd.h
configure:4299: gcc -c -g -O2  conftest.c >&5
configure:4302: $? = 0
configure:4305: test -s conftest.o
configure:4308: $? = 0
configure:4318: result: yes
configure:4330: checking for off_t
configure:4357: gcc -c -g -O2  conftest.c >&5
configure:4360: $? = 0
configure:4363: test -s conftest.o
configure:4366: $? = 0
configure:4376: result: yes
configure:4388: checking for size_t
configure:4415: gcc -c -g -O2  conftest.c >&5
configure:4418: $? = 0
configure:4421: test -s conftest.o
configure:4424: $? = 0
configure:4434: result: yes
configure:4448: checking for working alloca.h
configure:4472: gcc -o conftest -g -O2   conftest.c  >&5
configure:4475: $? = 0
configure:4478: test -s conftest
configure:4481: $? = 0
configure:4491: result: yes
configure:4501: checking for alloca
configure:4545: gcc -o conftest -g -O2   conftest.c  >&5
configure:4548: $? = 0
configure:4551: test -s conftest
configure:4554: $? = 0
configure:4564: result: yes
configure:4760: checking for stdlib.h
configure:4765: result: yes
configure:4760: checking for unistd.h
configure:4765: result: yes
configure:4873: checking for getpagesize
configure:4916: gcc -o conftest -g -O2   conftest.c  >&5
configure:4919: $? = 0
configure:4922: test -s conftest
configure:4925: $? = 0
configure:4935: result: yes
configure:4945: checking for working mmap
configure:5084: gcc -o conftest -g -O2   conftest.c  >&5
configure:5087: $? = 0
configure:5089: ./conftest
configure:5092: $? = 0
configure:5105: result: yes
configure:5139: checking argz.h usability
configure:5148: gcc -c -g -O2  conftest.c >&5
configure:5151: $? = 0
configure:5154: test -s conftest.o
configure:5157: $? = 0
configure:5166: result: yes
configure:5170: checking argz.h presence
configure:5177: gcc -E  conftest.c
configure:5183: $? = 0
configure:5201: result: yes
configure:5219: checking for argz.h
configure:5226: result: yes
configure:5139: checking limits.h usability
configure:5148: gcc -c -g -O2  conftest.c >&5
configure:5151: $? = 0
configure:5154: test -s conftest.o
configure:5157: $? = 0
configure:5166: result: yes
configure:5170: checking limits.h presence
configure:5177: gcc -E  conftest.c
configure:5183: $? = 0
configure:5201: result: yes
configure:5219: checking for limits.h
configure:5226: result: yes
configure:5139: checking locale.h usability
configure:5148: gcc -c -g -O2  conftest.c >&5
configure:5151: $? = 0
configure:5154: test -s conftest.o
configure:5157: $? = 0
configure:5166: result: yes
configure:5170: checking locale.h presence
configure:5177: gcc -E  conftest.c
configure:5183: $? = 0
configure:5201: result: yes
configure:5219: checking for locale.h
configure:5226: result: yes
configure:5139: checking nl_types.h usability
configure:5148: gcc -c -g -O2  conftest.c >&5
configure:5151: $? = 0
configure:5154: test -s conftest.o
configure:5157: $? = 0
configure:5166: result: yes
configure:5170: checking nl_types.h presence
configure:5177: gcc -E  conftest.c
configure:5183: $? = 0
configure:5201: result: yes
configure:5219: checking for nl_types.h
configure:5226: result: yes
configure:5139: checking malloc.h usability
configure:5148: gcc -c -g -O2  conftest.c >&5
configure:5151: $? = 0
configure:5154: test -s conftest.o
configure:5157: $? = 0
configure:5166: result: yes
configure:5170: checking malloc.h presence
configure:5177: gcc -E  conftest.c
configure:5183: $? = 0
configure:5201: result: yes
configure:5219: checking for malloc.h
configure:5226: result: yes
configure:5130: checking for string.h
configure:5135: result: yes
configure:5130: checking for unistd.h
configure:5135: result: yes
configure:5139: checking sys/param.h usability
configure:5148: gcc -c -g -O2  conftest.c >&5
configure:5151: $? = 0
configure:5154: test -s conftest.o
configure:5157: $? = 0
configure:5166: result: yes
configure:5170: checking sys/param.h presence
configure:5177: gcc -E  conftest.c
configure:5183: $? = 0
configure:5201: result: yes
configure:5219: checking for sys/param.h
configure:5226: result: yes
configure:5254: checking for getcwd
configure:5297: gcc -o conftest -g -O2   conftest.c  >&5
configure:5300: $? = 0
configure:5303: test -s conftest
configure:5306: $? = 0
configure:5316: result: yes
configure:5254: checking for munmap
configure:5297: gcc -o conftest -g -O2   conftest.c  >&5
configure:5300: $? = 0
configure:5303: test -s conftest
configure:5306: $? = 0
configure:5316: result: yes
configure:5254: checking for putenv
configure:5297: gcc -o conftest -g -O2   conftest.c  >&5
configure:5300: $? = 0
configure:5303: test -s conftest
configure:5306: $? = 0
configure:5316: result: yes
configure:5254: checking for setenv
configure:5297: gcc -o conftest -g -O2   conftest.c  >&5
configure:5300: $? = 0
configure:5303: test -s conftest
configure:5306: $? = 0
configure:5316: result: yes
configure:5254: checking for setlocale
configure:5297: gcc -o conftest -g -O2   conftest.c  >&5
configure:5300: $? = 0
configure:5303: test -s conftest
configure:5306: $? = 0
configure:5316: result: yes
configure:5254: checking for strchr
configure:5297: gcc -o conftest -g -O2   conftest.c  >&5
configure:5269:6: warning: conflicting types for built-in function 'strchr' [enabled by default]
 /* We use char because int might match the return type of a gcc2
      ^
configure:5300: $? = 0
configure:5303: test -s conftest
configure:5306: $? = 0
configure:5316: result: yes
configure:5254: checking for strcasecmp
configure:5297: gcc -o conftest -g -O2   conftest.c  >&5
configure:5269:6: warning: conflicting types for built-in function 'strcasecmp' [enabled by default]
 /* We use char because int might match the return type of a gcc2
      ^
configure:5300: $? = 0
configure:5303: test -s conftest
configure:5306: $? = 0
configure:5316: result: yes
configure:5254: checking for strdup
configure:5297: gcc -o conftest -g -O2   conftest.c  >&5
configure:5269:6: warning: conflicting types for built-in function 'strdup' [enabled by default]
 /* We use char because int might match the return type of a gcc2
      ^
configure:5300: $? = 0
configure:5303: test -s conftest
configure:5306: $? = 0
configure:5316: result: yes
configure:5254: checking for __argz_count
configure:5297: gcc -o conftest -g -O2   conftest.c  >&5
configure:5300: $? = 0
configure:5303: test -s conftest
configure:5306: $? = 0
configure:5316: result: yes
configure:5254: checking for __argz_stringify
configure:5297: gcc -o conftest -g -O2   conftest.c  >&5
configure:5300: $? = 0
configure:5303: test -s conftest
configure:5306: $? = 0
configure:5316: result: yes
configure:5254: checking for __argz_next
configure:5297: gcc -o conftest -g -O2   conftest.c  >&5
configure:5300: $? = 0
configure:5303: test -s conftest
configure:5306: $? = 0
configure:5316: result: yes
configure:5328: checking for LC_MESSAGES
configure:5352: gcc -o conftest -g -O2   conftest.c  >&5
configure:5355: $? = 0
configure:5358: test -s conftest
configure:5361: $? = 0
configure:5371: result: yes
configure:5403: checking libintl.h usability
configure:5412: gcc -c -g -O2  conftest.c >&5
configure:5415: $? = 0
configure:5418: test -s conftest.o
configure:5421: $? = 0
configure:5430: result: yes
configure:5434: checking libintl.h presence
configure:5441: gcc -E  conftest.c
configure:5447: $? = 0
configure:5465: result: yes
configure:5483: checking for libintl.h
configure:5490: result: yes
configure:5495: checking for dgettext in libc
configure:5519: gcc -o conftest -g -O2   conftest.c  >&5
configure:5522: $? = 0
configure:5525: test -s conftest
configure:5528: $? = 0
configure:5538: result: yes
configure:5746: checking for msgfmt
configure:5773: result: /usr/bin/msgfmt
configure:5784: checking for dcgettext
configure:5827: gcc -o conftest -g -O2   conftest.c  >&5
configure:5799:6: warning: conflicting types for built-in function 'dcgettext' [enabled by default]
 /* We use char because int might match the return type of a gcc2
      ^
configure:5830: $? = 0
configure:5833: test -s conftest
configure:5836: $? = 0
configure:5846: result: yes
configure:5858: checking for gmsgfmt
configure:5889: result: /usr/bin/msgfmt
configure:5898: checking for xgettext
configure:5925: result: /usr/bin/xgettext
configure:5952: gcc -o conftest -g -O2   conftest.c  >&5
configure:5955: $? = 0
configure:5958: test -s conftest
configure:5961: $? = 0
configure:6290: creating ./config.status

## ---------------------- ##
## Running config.status. ##
## ---------------------- ##

This file was extended by config.status, which was
generated by GNU Autoconf 2.53.  Invocation command line was

  CONFIG_FILES    = 
  CONFIG_HEADERS  = 
  CONFIG_LINKS    = 
  CONFIG_COMMANDS = 
  $ ./config.status 

on michaelpc

config.status:629: creating Makefile
config.status:629: creating src/Makefile
config.status:629: creating po/Makefile.in
config.status:733: creating config.h
config.status:916: config.h is unchanged
config.status:1017: executing depfiles commands
config.status:1017: executing default-1 commands

## ---------------- ##
## Cache variables. ##
## ---------------- ##

ac_cv_c_compiler_gnu=yes
ac_cv_c_const=yes
ac_cv_c_inline=inline
ac_cv_env_CC_set=
ac_cv_env_CC_value=
ac_cv_env_CFLAGS_set=
ac_cv_env_CFLAGS_value=
ac_cv_env_CPPFLAGS_set=
ac_cv_env_CPPFLAGS_value=
ac_cv_env_CPP_set=
ac_cv_env_CPP_value=
ac_cv_env_LDFLAGS_set=
ac_cv_env_LDFLAGS_value=
ac_cv_env_build_alias_set=
ac_cv_env_build_alias_value=
ac_cv_env_host_alias_set=
ac_cv_env_host_alias_value=
ac_cv_env_target_alias_set=
ac_cv_env_target_alias_value=
ac_cv_exeext=
ac_cv_func___argz_count=yes
ac_cv_func___argz_next=yes
ac_cv_func___argz_stringify=yes
ac_cv_func_alloca_works=yes
ac_cv_func_dcgettext=yes
ac_cv_func_getcwd=yes
ac_cv_func_getpagesize=yes
ac_cv_func_mmap_fixed_mapped=yes
ac_cv_func_munmap=yes
ac_cv_func_putenv=yes
ac_cv_func_setenv=yes
ac_cv_func_setlocale=yes
ac_cv_func_strcasecmp=yes
ac_cv_func_strchr=yes
ac_cv_func_strdup=yes
ac_cv_header_argz_h=yes
ac_cv_header_inttypes_h=yes
ac_cv_header_libintl_h=yes
ac_cv_header_limits_h=yes
ac_cv_header_locale_h=yes
ac_cv_header_malloc_h=yes
ac_cv_header_memory_h=yes
ac_cv_header_nl_types_h=yes
ac_cv_header_stdc=yes
ac_cv_header_stdint_h=yes
ac_cv_header_stdlib_h=yes
ac_cv_header_string_h=yes
ac_cv_header_strings_h=yes
ac_cv_header_sys_param_h=yes
ac_cv_header_sys_stat_h=yes
ac_cv_header_sys_types_h=yes
ac_cv_header_unistd_h=yes
ac_cv_objext=o
ac_cv_path_GMSGFMT=/usr/bin/msgfmt
ac_cv_path_MSGFMT=/usr/bin/msgfmt
ac_cv_path_PKG_CONFIG=/usr/bin/pkg-config
ac_cv_path_XGETTEXT=/usr/bin/xgettext
ac_cv_path_install='/usr/bin/install -c'
ac_cv_prog_AWK=mawk
ac_cv_prog_CPP='gcc -E'
ac_cv_prog_ac_ct_CC=gcc
ac_cv_prog_ac_ct_RANLIB=ranlib
ac_cv_prog_cc_g=yes
ac_cv_prog_cc_stdc=
ac_cv_prog_make_make_set=yes
ac_cv_search_strerror='none required'
ac_cv_type_off_t=yes
ac_cv_type_size_t=yes
ac_cv_working_alloca_h=yes
am_cv_CC_dependencies_compiler_type=gcc3
am_cv_prog_cc_stdc=
am_cv_val_LC_MESSAGES=yes
gt_cv_func_dgettext_libc=yes
gt_cv_func_dgettext_libintl=no
nls_cv_force_use_gnu_gettext=no
nls_cv_header_intl=
nls_cv_header_libgt=
nls_cv_use_gnu_gettext=no

## ----------- ##
## confdefs.h. ##
## ----------- ##

#define PACKAGE_NAME ""
#define PACKAGE_TARNAME ""
#define PACKAGE_VERSION ""
#define PACKAGE_STRING ""
#define PACKAGE_BUGREPORT ""
#define PACKAGE "gchat"
#define VERSION "0.1"
#define STDC_HEADERS 1
#define GETTEXT_PACKAGE "gchat"
#define HAVE_SYS_TYPES_H 1
#define HAVE_SYS_STAT_H 1
#define HAVE_STDLIB_H 1
#define HAVE_STRING_H 1
#define HAVE_MEMORY_H 1
#define HAVE_STRINGS_H 1
#define HAVE_INTTYPES_H 1
#define HAVE_STDINT_H 1
#define HAVE_UNISTD_H 1
#define HAVE_ALLOCA_H 1
#define HAVE_ALLOCA 1
#define HAVE_STDLIB_H 1
#define HAVE_UNISTD_H 1
#define HAVE_GETPAGESIZE 1
#define HAVE_MMAP 1
#define HAVE_ARGZ_H 1
#define HAVE_LIMITS_H 1
#define HAVE_LOCALE_H 1
#define HAVE_NL_TYPES_H 1
#define HAVE_MALLOC_H 1
#define HAVE_STRING_H 1
#define HAVE_UNISTD_H 1
#define HAVE_SYS_PARAM_H 1
#define HAVE_GETCWD 1
#define HAVE_MUNMAP 1
#define HAVE_PUTENV 1
#define HAVE_SETENV 1
#define HAVE_SETLOCALE 1
#define HAVE_STRCHR 1
#define HAVE_STRCASECMP 1
#define HAVE_STRDUP 1
#define HAVE___ARGZ_COUNT 1
#define HAVE___ARGZ_STRINGIFY 1
#define HAVE___ARGZ_NEXT 1
#define HAVE_LC_MESSAGES 1
#define HAVE_GETTEXT 1
#define HAVE_DCGETTEXT 1
#define ENABLE_NLS 1

configure: exit 0
